Running inference on: cuda
INR param count       : 2241
HyperNetwork params   : 969,922
UNet params           : 5,896,513
Total trainable params: 6,866,435
Saved to: src/inr_ddpm_hypernetwork/results/diffusion_hyper_generate_512x512.png

------------------------------------------------------------
Sender: LSF System <lsfadmin@hpc.dtu.dk>
Subject: Job 27935210: <diffusion_hypernet> in cluster <dcc> Done

Job <diffusion_hypernet> was submitted from host <n-62-27-20> by user <s204213> in cluster <dcc> at Mon Mar  2 13:58:45 2026
Job was executed on host(s) <4*n-62-11-16>, in queue <gpuv100>, as user <s204213> in cluster <dcc> at Mon Mar  2 14:01:54 2026
</zhome/66/4/156534> was used as the home directory.
</zhome/66/4/156534/Master_Thesis> was used as the working directory.
Started at Mon Mar  2 14:01:54 2026
Terminated at Mon Mar  2 14:02:06 2026
Results reported at Mon Mar  2 14:02:06 2026

Your job looked like:

------------------------------------------------------------
# LSBATCH: User input
#!/bin/bash
#BSUB -J diffusion_hypernet               # Job name
#BSUB -q gpuv100                          # Queue to submit the job to
#BSUB -W 20                               # Wall time limit (4 hours)
#BSUB -n 4                                 # Request 4 cores
#BSUB -R "rusage[mem=1GB]"                 # Request 2 GB of memory per core
#BSUB -R "span[hosts=1]"                   # Request all cores on the same host
#BSUB -gpu "num=1:mode=exclusive_process"  # Request 1 GPU in exclusive mode
#BSUB -o src/inr_ddpm_hypernetwork/output.out
#BSUB -e src/inr_ddpm_hypernetwork/output.err

# Activate virtual environment
source /zhome/66/4/156534/Master_Thesis/.venv/bin/activate

# Run training
python /zhome/66/4/156534/Master_Thesis/src/inr_ddpm_hypernetwork/inference.py \
        --unet_weights  /zhome/66/4/156534/Master_Thesis/src/inr_ddpm_hypernetwork/weights/diffusion_hyper_run_inr32_hyper256_unet32_unet.pth \
        --hyper_weights /zhome/66/4/156534/Master_Thesis/src/inr_ddpm_hypernetwork/weights/diffusion_hyper_run_inr32_hyper256_unet32_hypernet.pth \
        --height 512 --width 512 \
        --inr_h 32 --hyper_h 256 --unet_channels 32 \
        --mode generate
------------------------------------------------------------

Successfully completed.

Resource usage summary:

    CPU time :                                   7.56 sec.
    Max Memory :                                 -
    Average Memory :                             -
    Total Requested Memory :                     4096.00 MB
    Delta Memory :                               -
    Max Swap :                                   -
    Max Processes :                              -
    Max Threads :                                -
    Run time :                                   12 sec.
    Turnaround time :                            201 sec.

The output (if any) is above this job summary.



PS:

Read file <src/inr_ddpm_hypernetwork/output.err> for stderr output of this job.

