Training on device: cuda

------------------------------------------------------------
Sender: LSF System <lsfadmin@hpc.dtu.dk>
Subject: Job 27936300: <ddpm_training> in cluster <dcc> Done

Job <ddpm_training> was submitted from host <n-62-27-20> by user <s204213> in cluster <dcc> at Mon Mar  2 14:42:47 2026
Job was executed on host(s) <4*n-62-20-12>, in queue <gpuv100>, as user <s204213> in cluster <dcc> at Mon Mar  2 14:43:21 2026
</zhome/66/4/156534> was used as the home directory.
</zhome/66/4/156534/Master_Thesis> was used as the working directory.
Started at Mon Mar  2 14:43:21 2026
Terminated at Mon Mar  2 15:14:26 2026
Results reported at Mon Mar  2 15:14:26 2026

Your job looked like:

------------------------------------------------------------
# LSBATCH: User input
#!/bin/bash
#BSUB -J ddpm_training                     # Job name
#BSUB -q gpuv100                           # Queue to submit the job to
#BSUB -W 60                                # Wall time limit
#BSUB -n 4                                 # Request 8 cores
#BSUB -R "rusage[mem=512MB]"                 # Request 1 GB of memory per core
#BSUB -R "span[hosts=1]"                   # Request all cores on the same host
#BSUB -gpu "num=1:mode=exclusive_process"  # Request 1 GPU in exclusive mode
#BSUB -o src/denoising_diffusion/output.out                        # Standard output redirection
#BSUB -e src/denoising_diffusion/output.err                        # Standard error redirection

# Activate virtual environment
source /zhome/66/4/156534/Master_Thesis/.venv/bin/activate

# Run training
python /zhome/66/4/156534/Master_Thesis/src/denoising_diffusion/run_training.py \
    --num_epochs 30 \
    --batch_size 64 \
    --lr 1e-3
------------------------------------------------------------

Successfully completed.

Resource usage summary:

    CPU time :                                   2258.00 sec.
    Max Memory :                                 933 MB
    Average Memory :                             866.12 MB
    Total Requested Memory :                     2048.00 MB
    Delta Memory :                               1115.00 MB
    Max Swap :                                   -
    Max Processes :                              6
    Max Threads :                                20
    Run time :                                   1867 sec.
    Turnaround time :                            1899 sec.

The output (if any) is above this job summary.



PS:

Read file <src/denoising_diffusion/output.err> for stderr output of this job.

