Training on device: cuda
Architecture: VAE latent 4x8x8  |  UNet channels=128  |  F_φ hidden=512x4
Schedule: 15 VAE warm-up + 50 joint NDM epochs  |  T=1000  β_kl=0.0001  λ_vae=0.05
Initializing NDMTransform with latent_dim=256, time_dim=256, hidden_dim=512, num_layers=4
Experiment config saved to: src/neural_latent_diffusion/weights/latent_ndm_mnist_config.json
Loaded config from: src/neural_latent_diffusion/weights/latent_ndm_mnist_config.json
Running inference on: cuda
VAE loaded from: src/neural_latent_diffusion/weights/latent_ndm_mnist_vae_final.pt
Initializing NDMTransform with latent_dim=256, time_dim=256, hidden_dim=512, num_layers=4
NDM Transform F_φ loaded from: src/neural_latent_diffusion/weights/latent_ndm_mnist_transform_epoch050.pt
UNet loaded from: src/neural_latent_diffusion/weights/latent_ndm_mnist_unet_epoch050.pt
4x4 grid saved to: src/neural_latent_diffusion/results/inference_grid.png

------------------------------------------------------------
Sender: LSF System <lsfadmin@hpc.dtu.dk>
Subject: Job 27912093: <latent_ndm> in cluster <dcc> Done

Job <latent_ndm> was submitted from host <n-62-27-18> by user <s204213> in cluster <dcc> at Thu Feb 26 12:07:39 2026
Job was executed on host(s) <4*n-62-18-5>, in queue <gpua10>, as user <s204213> in cluster <dcc> at Thu Feb 26 12:07:39 2026
</zhome/66/4/156534> was used as the home directory.
</zhome/66/4/156534/Master_Thesis> was used as the working directory.
Started at Thu Feb 26 12:07:39 2026
Terminated at Thu Feb 26 12:27:26 2026
Results reported at Thu Feb 26 12:27:26 2026

Your job looked like:

------------------------------------------------------------
# LSBATCH: User input
#!/bin/bash
#BSUB -J latent_ndm                        # Job name
#BSUB -q gpua10                            # Queue to submit the job to
#BSUB -W 400                               # Wall time limit (6 hours)
#BSUB -n 4                                 # Request 4 cores
#BSUB -R "rusage[mem=2GB]"                 # Request 2 GB of memory per core
#BSUB -R "span[hosts=1]"                   # Request all cores on the same host
#BSUB -gpu "num=1:mode=exclusive_process"  # Request 1 GPU in exclusive mode
#BSUB -o src/neural_latent_diffusion/output.out
#BSUB -e src/neural_latent_diffusion/output.err

# Activate virtual environment
source /zhome/66/4/156534/Master_Thesis/.venv/bin/activate

# --- Phase 1+2+3: Training ---
python /zhome/66/4/156534/Master_Thesis/src/neural_latent_diffusion/run_training.py \
    --T 1000 \
    --beta_start 1e-4 \
    --beta_end 0.02 \
    --latent_channels 4 \
    --latent_size 8 \
    --ndm_hidden_dim 512 \
    --ndm_num_layers 4 \
    --ndm_time_dim 256 \
    --img_size 32 \
    --unet_channels 128 \
    --time_dim 256 \
    --batch_size 256 \
    --lr 2e-4 \
    --num_epochs_vae 15 \
    --num_epochs_ndm 50 \
    --beta_kl 1e-4 \
    --lambda_vae 0.05 \
    --experiment_name latent_ndm_mnist

# --- Inference (only runs if training succeeded) ---
python /zhome/66/4/156534/Master_Thesis/src/neural_latent_diffusion/inference.py \
    --config src/neural_latent_diffusion/weights/latent_ndm_mnist_config.json \
    --n_images 16 \
    --out_path src/neural_latent_diffusion/results/inference_grid.png

------------------------------------------------------------

Successfully completed.

Resource usage summary:

    CPU time :                                   2108.00 sec.
    Max Memory :                                 1215 MB
    Average Memory :                             1026.18 MB
    Total Requested Memory :                     8192.00 MB
    Delta Memory :                               6977.00 MB
    Max Swap :                                   -
    Max Processes :                              6
    Max Threads :                                21
    Run time :                                   1242 sec.
    Turnaround time :                            1187 sec.

The output (if any) is above this job summary.



PS:

Read file <src/neural_latent_diffusion/output.err> for stderr output of this job.

Training on device: cuda
Architecture: VAE latent 4x8x8  |  UNet channels=128  |  F_φ hidden=512x4
Schedule: 20 VAE warm-up + 50 joint NDM epochs  |  T=1000  β_kl=0.0001  λ_vae=0.05
Initializing NDMTransform with latent_dim=256, time_dim=256, hidden_dim=512, num_layers=4
Fz_target mean abs: 0.7008
pred_Fz  mean abs: 0.5953
Fz_target mean abs: 0.4059
pred_Fz  mean abs: 0.3677
Fz_target mean abs: 0.3383
pred_Fz  mean abs: 0.3215
Fz_target mean abs: 0.3210
pred_Fz  mean abs: 0.3169
Fz_target mean abs: 0.3178
pred_Fz  mean abs: 0.3165
Fz_target mean abs: 0.3218
pred_Fz  mean abs: 0.3167
Fz_target mean abs: 0.3199
pred_Fz  mean abs: 0.3189
Fz_target mean abs: 0.3259
pred_Fz  mean abs: 0.3210
Fz_target mean abs: 0.3237
pred_Fz  mean abs: 0.3230
Fz_target mean abs: 0.3234
pred_Fz  mean abs: 0.3216
Fz_target mean abs: 0.3251
pred_Fz  mean abs: 0.3237
Fz_target mean abs: 0.3252
pred_Fz  mean abs: 0.3254
Fz_target mean abs: 0.3263
pred_Fz  mean abs: 0.3271
Fz_target mean abs: 0.3284
pred_Fz  mean abs: 0.3275
Fz_target mean abs: 0.3284
pred_Fz  mean abs: 0.3286
Fz_target mean abs: 0.3264
pred_Fz  mean abs: 0.3253
Fz_target mean abs: 0.3266
pred_Fz  mean abs: 0.3283
Fz_target mean abs: 0.3281
pred_Fz  mean abs: 0.3304
Fz_target mean abs: 0.3284
pred_Fz  mean abs: 0.3288
Fz_target mean abs: 0.3310
pred_Fz  mean abs: 0.3304
Fz_target mean abs: 0.3292
pred_Fz  mean abs: 0.3293
Fz_target mean abs: 0.3291
pred_Fz  mean abs: 0.3296
Fz_target mean abs: 0.3289
pred_Fz  mean abs: 0.3302
Fz_target mean abs: 0.3315
pred_Fz  mean abs: 0.3308
Fz_target mean abs: 0.3330
pred_Fz  mean abs: 0.3298
Fz_target mean abs: 0.3305
pred_Fz  mean abs: 0.3311
Fz_target mean abs: 0.3313
pred_Fz  mean abs: 0.3291
Fz_target mean abs: 0.3313
pred_Fz  mean abs: 0.3310
Fz_target mean abs: 0.3305
pred_Fz  mean abs: 0.3308
Fz_target mean abs: 0.3301
pred_Fz  mean abs: 0.3331
Fz_target mean abs: 0.3299
pred_Fz  mean abs: 0.3310
Fz_target mean abs: 0.3325
pred_Fz  mean abs: 0.3296
Fz_target mean abs: 0.3310
pred_Fz  mean abs: 0.3288
Fz_target mean abs: 0.3305
pred_Fz  mean abs: 0.3303
Fz_target mean abs: 0.3315
pred_Fz  mean abs: 0.3315
Fz_target mean abs: 0.3298
pred_Fz  mean abs: 0.3289
Fz_target mean abs: 0.3291
pred_Fz  mean abs: 0.3287
Fz_target mean abs: 0.3299
pred_Fz  mean abs: 0.3281
Fz_target mean abs: 0.3315
pred_Fz  mean abs: 0.3280
Fz_target mean abs: 0.3282
pred_Fz  mean abs: 0.3290
Fz_target mean abs: 0.3282
pred_Fz  mean abs: 0.3274
Fz_target mean abs: 0.3273
pred_Fz  mean abs: 0.3268
Fz_target mean abs: 0.3263
pred_Fz  mean abs: 0.3277
Fz_target mean abs: 0.3258
pred_Fz  mean abs: 0.3270
Fz_target mean abs: 0.3295
pred_Fz  mean abs: 0.3259
Fz_target mean abs: 0.3274
pred_Fz  mean abs: 0.3257
Fz_target mean abs: 0.3269
pred_Fz  mean abs: 0.3266
Fz_target mean abs: 0.3267
pred_Fz  mean abs: 0.3277
Fz_target mean abs: 0.3255
pred_Fz  mean abs: 0.3255
Fz_target mean abs: 0.3251
pred_Fz  mean abs: 0.3243
Fz_target mean abs: 0.3251
pred_Fz  mean abs: 0.3262
Fz_target mean abs: 0.3257
pred_Fz  mean abs: 0.3244
Fz_target mean abs: 0.3242
pred_Fz  mean abs: 0.3226
Fz_target mean abs: 0.3229
pred_Fz  mean abs: 0.3239
Fz_target mean abs: 0.3231
pred_Fz  mean abs: 0.3236
Fz_target mean abs: 0.3222
pred_Fz  mean abs: 0.3226
Fz_target mean abs: 0.3223
pred_Fz  mean abs: 0.3220
Fz_target mean abs: 0.3228
pred_Fz  mean abs: 0.3213
Fz_target mean abs: 0.3209
pred_Fz  mean abs: 0.3219
Fz_target mean abs: 0.3209
pred_Fz  mean abs: 0.3215
Fz_target mean abs: 0.3200
pred_Fz  mean abs: 0.3211
Fz_target mean abs: 0.3194
pred_Fz  mean abs: 0.3202
Fz_target mean abs: 0.3177
pred_Fz  mean abs: 0.3201
Fz_target mean abs: 0.3187
pred_Fz  mean abs: 0.3189
Fz_target mean abs: 0.3185
pred_Fz  mean abs: 0.3186
Fz_target mean abs: 0.3184
pred_Fz  mean abs: 0.3169
Fz_target mean abs: 0.3171
pred_Fz  mean abs: 0.3187
Fz_target mean abs: 0.3168
pred_Fz  mean abs: 0.3177
Fz_target mean abs: 0.3164
pred_Fz  mean abs: 0.3160
Fz_target mean abs: 0.3149
pred_Fz  mean abs: 0.3150
Fz_target mean abs: 0.3145
pred_Fz  mean abs: 0.3153
Fz_target mean abs: 0.3156
pred_Fz  mean abs: 0.3144
Fz_target mean abs: 0.3151
pred_Fz  mean abs: 0.3146
Fz_target mean abs: 0.3149
pred_Fz  mean abs: 0.3123
Fz_target mean abs: 0.3136
pred_Fz  mean abs: 0.3136
Fz_target mean abs: 0.3129
pred_Fz  mean abs: 0.3118
Fz_target mean abs: 0.3122
pred_Fz  mean abs: 0.3118
Fz_target mean abs: 0.3121
pred_Fz  mean abs: 0.3117
Fz_target mean abs: 0.3097
pred_Fz  mean abs: 0.3118
Fz_target mean abs: 0.3099
pred_Fz  mean abs: 0.3121
Fz_target mean abs: 0.3096
pred_Fz  mean abs: 0.3118
Fz_target mean abs: 0.3098
pred_Fz  mean abs: 0.3094
Fz_target mean abs: 0.3095
pred_Fz  mean abs: 0.3082
Fz_target mean abs: 0.3070
pred_Fz  mean abs: 0.3092
Fz_target mean abs: 0.3062
pred_Fz  mean abs: 0.3099
Fz_target mean abs: 0.3064
pred_Fz  mean abs: 0.3088
Fz_target mean abs: 0.3063
pred_Fz  mean abs: 0.3079
Fz_target mean abs: 0.3061
pred_Fz  mean abs: 0.3067
Fz_target mean abs: 0.3052
pred_Fz  mean abs: 0.3061
Fz_target mean abs: 0.3062
pred_Fz  mean abs: 0.3055
Fz_target mean abs: 0.3057
pred_Fz  mean abs: 0.3040
Fz_target mean abs: 0.3039
pred_Fz  mean abs: 0.3038
Fz_target mean abs: 0.3027
pred_Fz  mean abs: 0.3042
Fz_target mean abs: 0.3029
pred_Fz  mean abs: 0.3027
Fz_target mean abs: 0.3023
pred_Fz  mean abs: 0.3034
Fz_target mean abs: 0.3026
pred_Fz  mean abs: 0.3023
Fz_target mean abs: 0.3013
pred_Fz  mean abs: 0.3007
Fz_target mean abs: 0.3017
pred_Fz  mean abs: 0.3009
Fz_target mean abs: 0.2993
pred_Fz  mean abs: 0.2995
Fz_target mean abs: 0.3003
pred_Fz  mean abs: 0.2997
Fz_target mean abs: 0.2992
pred_Fz  mean abs: 0.2995
Fz_target mean abs: 0.2985
pred_Fz  mean abs: 0.2982
Fz_target mean abs: 0.2963
pred_Fz  mean abs: 0.2994
Fz_target mean abs: 0.2990
pred_Fz  mean abs: 0.2954
Fz_target mean abs: 0.2965
pred_Fz  mean abs: 0.2974
Fz_target mean abs: 0.2959
pred_Fz  mean abs: 0.2961
Fz_target mean abs: 0.2965
pred_Fz  mean abs: 0.2951
Fz_target mean abs: 0.2948
pred_Fz  mean abs: 0.2952
Fz_target mean abs: 0.2946
pred_Fz  mean abs: 0.2936
Fz_target mean abs: 0.2929
pred_Fz  mean abs: 0.2949
Fz_target mean abs: 0.2930
pred_Fz  mean abs: 0.2926
Fz_target mean abs: 0.2933
pred_Fz  mean abs: 0.2924
Fz_target mean abs: 0.2916
pred_Fz  mean abs: 0.2917
Fz_target mean abs: 0.2919
pred_Fz  mean abs: 0.2915
Fz_target mean abs: 0.2904
pred_Fz  mean abs: 0.2907
Fz_target mean abs: 0.2902
pred_Fz  mean abs: 0.2891
Fz_target mean abs: 0.2897
pred_Fz  mean abs: 0.2896
Fz_target mean abs: 0.2905
pred_Fz  mean abs: 0.2876
Fz_target mean abs: 0.2893
pred_Fz  mean abs: 0.2873
Fz_target mean abs: 0.2876
pred_Fz  mean abs: 0.2867
Fz_target mean abs: 0.2873
pred_Fz  mean abs: 0.2871
Fz_target mean abs: 0.2869
pred_Fz  mean abs: 0.2869
Fz_target mean abs: 0.2856
pred_Fz  mean abs: 0.2859
Fz_target mean abs: 0.2855
pred_Fz  mean abs: 0.2854
Fz_target mean abs: 0.2856
pred_Fz  mean abs: 0.2844
Fz_target mean abs: 0.2857
pred_Fz  mean abs: 0.2830
Fz_target mean abs: 0.2835
pred_Fz  mean abs: 0.2842
Fz_target mean abs: 0.2848
pred_Fz  mean abs: 0.2817
Fz_target mean abs: 0.2838
pred_Fz  mean abs: 0.2819
Fz_target mean abs: 0.2815
pred_Fz  mean abs: 0.2833
Fz_target mean abs: 0.2827
pred_Fz  mean abs: 0.2809
Fz_target mean abs: 0.2816
pred_Fz  mean abs: 0.2811
Fz_target mean abs: 0.2808
pred_Fz  mean abs: 0.2803
Fz_target mean abs: 0.2795
pred_Fz  mean abs: 0.2798
Fz_target mean abs: 0.2800
pred_Fz  mean abs: 0.2786
Fz_target mean abs: 0.2790
pred_Fz  mean abs: 0.2781
Fz_target mean abs: 0.2782
pred_Fz  mean abs: 0.2777
Fz_target mean abs: 0.2784
pred_Fz  mean abs: 0.2767
Fz_target mean abs: 0.2774
pred_Fz  mean abs: 0.2772
Fz_target mean abs: 0.2765
pred_Fz  mean abs: 0.2772
Fz_target mean abs: 0.2767
pred_Fz  mean abs: 0.2745
Fz_target mean abs: 0.2763
pred_Fz  mean abs: 0.2749
Fz_target mean abs: 0.2743
pred_Fz  mean abs: 0.2745
Fz_target mean abs: 0.2739
pred_Fz  mean abs: 0.2747
Fz_target mean abs: 0.2741
pred_Fz  mean abs: 0.2741
Fz_target mean abs: 0.2728
pred_Fz  mean abs: 0.2731
Fz_target mean abs: 0.2724
pred_Fz  mean abs: 0.2729
Fz_target mean abs: 0.2725
pred_Fz  mean abs: 0.2710
Fz_target mean abs: 0.2702
pred_Fz  mean abs: 0.2720
Fz_target mean abs: 0.2704
pred_Fz  mean abs: 0.2708
Fz_target mean abs: 0.2701
pred_Fz  mean abs: 0.2698
Fz_target mean abs: 0.2691
pred_Fz  mean abs: 0.2691
Fz_target mean abs: 0.2690
pred_Fz  mean abs: 0.2691
Fz_target mean abs: 0.2676
pred_Fz  mean abs: 0.2687
Fz_target mean abs: 0.2686
pred_Fz  mean abs: 0.2670
Fz_target mean abs: 0.2683
pred_Fz  mean abs: 0.2667
Fz_target mean abs: 0.2674
pred_Fz  mean abs: 0.2664
Fz_target mean abs: 0.2668
pred_Fz  mean abs: 0.2660
Fz_target mean abs: 0.2659
pred_Fz  mean abs: 0.2657
Fz_target mean abs: 0.2655
pred_Fz  mean abs: 0.2646
Fz_target mean abs: 0.2641
pred_Fz  mean abs: 0.2646
Fz_target mean abs: 0.2637
pred_Fz  mean abs: 0.2650
Fz_target mean abs: 0.2645
pred_Fz  mean abs: 0.2640
Fz_target mean abs: 0.2630
pred_Fz  mean abs: 0.2639
Fz_target mean abs: 0.2623
pred_Fz  mean abs: 0.2620
Fz_target mean abs: 0.2625
pred_Fz  mean abs: 0.2618
Fz_target mean abs: 0.2614
pred_Fz  mean abs: 0.2623
Fz_target mean abs: 0.2605
pred_Fz  mean abs: 0.2613
Fz_target mean abs: 0.2600
pred_Fz  mean abs: 0.2607
Fz_target mean abs: 0.2601
pred_Fz  mean abs: 0.2601
Fz_target mean abs: 0.2592
pred_Fz  mean abs: 0.2591
Fz_target mean abs: 0.2591
pred_Fz  mean abs: 0.2582
Fz_target mean abs: 0.2583
pred_Fz  mean abs: 0.2581
Fz_target mean abs: 0.2571
pred_Fz  mean abs: 0.2573
Fz_target mean abs: 0.2574
pred_Fz  mean abs: 0.2567
Fz_target mean abs: 0.2568
pred_Fz  mean abs: 0.2569
Fz_target mean abs: 0.2557
pred_Fz  mean abs: 0.2568
Fz_target mean abs: 0.2564
pred_Fz  mean abs: 0.2555
Fz_target mean abs: 0.2549
pred_Fz  mean abs: 0.2550
Fz_target mean abs: 0.2548
pred_Fz  mean abs: 0.2547
Fz_target mean abs: 0.2546
pred_Fz  mean abs: 0.2542
Fz_target mean abs: 0.2536
pred_Fz  mean abs: 0.2541
Fz_target mean abs: 0.2530
pred_Fz  mean abs: 0.2533
Fz_target mean abs: 0.2528
pred_Fz  mean abs: 0.2522
Fz_target mean abs: 0.2527
pred_Fz  mean abs: 0.2515
Fz_target mean abs: 0.2513
pred_Fz  mean abs: 0.2519
Fz_target mean abs: 0.2509
pred_Fz  mean abs: 0.2513
Fz_target mean abs: 0.2495
pred_Fz  mean abs: 0.2512
Fz_target mean abs: 0.2501
pred_Fz  mean abs: 0.2503
Fz_target mean abs: 0.2493
pred_Fz  mean abs: 0.2499
Fz_target mean abs: 0.2497
pred_Fz  mean abs: 0.2482
Fz_target mean abs: 0.2485
pred_Fz  mean abs: 0.2496
Fz_target mean abs: 0.2483
pred_Fz  mean abs: 0.2472
Fz_target mean abs: 0.2478
pred_Fz  mean abs: 0.2479
Fz_target mean abs: 0.2474
pred_Fz  mean abs: 0.2471
Fz_target mean abs: 0.2474
pred_Fz  mean abs: 0.2459
Fz_target mean abs: 0.2465
pred_Fz  mean abs: 0.2466
Fz_target mean abs: 0.2455
pred_Fz  mean abs: 0.2461
Fz_target mean abs: 0.2455
pred_Fz  mean abs: 0.2454
Fz_target mean abs: 0.2443
pred_Fz  mean abs: 0.2451
Fz_target mean abs: 0.2449
pred_Fz  mean abs: 0.2448
Fz_target mean abs: 0.2444
pred_Fz  mean abs: 0.2435
Fz_target mean abs: 0.2437
pred_Fz  mean abs: 0.2433
Fz_target mean abs: 0.2438
pred_Fz  mean abs: 0.2431
Fz_target mean abs: 0.2431
pred_Fz  mean abs: 0.2426
Fz_target mean abs: 0.2414
pred_Fz  mean abs: 0.2423
Fz_target mean abs: 0.2415
pred_Fz  mean abs: 0.2423
Fz_target mean abs: 0.2420
pred_Fz  mean abs: 0.2406
Fz_target mean abs: 0.2411
pred_Fz  mean abs: 0.2406
Fz_target mean abs: 0.2402
pred_Fz  mean abs: 0.2411
Fz_target mean abs: 0.2400
pred_Fz  mean abs: 0.2398
Fz_target mean abs: 0.2395
pred_Fz  mean abs: 0.2393
Fz_target mean abs: 0.2391
pred_Fz  mean abs: 0.2394
Fz_target mean abs: 0.2388
pred_Fz  mean abs: 0.2397
Fz_target mean abs: 0.2381
pred_Fz  mean abs: 0.2379
Fz_target mean abs: 0.2381
pred_Fz  mean abs: 0.2378
Fz_target mean abs: 0.2376
pred_Fz  mean abs: 0.2370
Fz_target mean abs: 0.2369
pred_Fz  mean abs: 0.2366
Fz_target mean abs: 0.2366
pred_Fz  mean abs: 0.2371
Fz_target mean abs: 0.2369
pred_Fz  mean abs: 0.2356
Fz_target mean abs: 0.2359
pred_Fz  mean abs: 0.2359
Fz_target mean abs: 0.2350
pred_Fz  mean abs: 0.2357
Fz_target mean abs: 0.2354
pred_Fz  mean abs: 0.2350
Fz_target mean abs: 0.2346
pred_Fz  mean abs: 0.2333
Fz_target mean abs: 0.2340
pred_Fz  mean abs: 0.2338
Fz_target mean abs: 0.2334
pred_Fz  mean abs: 0.2337
Fz_target mean abs: 0.2331
pred_Fz  mean abs: 0.2334
Fz_target mean abs: 0.2335
pred_Fz  mean abs: 0.2320
Fz_target mean abs: 0.2321
pred_Fz  mean abs: 0.2328
Fz_target mean abs: 0.2325
pred_Fz  mean abs: 0.2316
Fz_target mean abs: 0.2319
pred_Fz  mean abs: 0.2304
Fz_target mean abs: 0.2314
pred_Fz  mean abs: 0.2319
Fz_target mean abs: 0.2311
pred_Fz  mean abs: 0.2305
Fz_target mean abs: 0.2303
pred_Fz  mean abs: 0.2302
Fz_target mean abs: 0.2302
pred_Fz  mean abs: 0.2298
Fz_target mean abs: 0.2300
pred_Fz  mean abs: 0.2292
Fz_target mean abs: 0.2291
pred_Fz  mean abs: 0.2293
Fz_target mean abs: 0.2291
pred_Fz  mean abs: 0.2288
Fz_target mean abs: 0.2282
pred_Fz  mean abs: 0.2288
Fz_target mean abs: 0.2281
pred_Fz  mean abs: 0.2280
Fz_target mean abs: 0.2272
pred_Fz  mean abs: 0.2273
Fz_target mean abs: 0.2273
pred_Fz  mean abs: 0.2274
Fz_target mean abs: 0.2267
pred_Fz  mean abs: 0.2264
Fz_target mean abs: 0.2267
pred_Fz  mean abs: 0.2273
Fz_target mean abs: 0.2265
pred_Fz  mean abs: 0.2258
Fz_target mean abs: 0.2263
pred_Fz  mean abs: 0.2254
Fz_target mean abs: 0.2256
pred_Fz  mean abs: 0.2255
Fz_target mean abs: 0.2248
pred_Fz  mean abs: 0.2255
Fz_target mean abs: 0.2249
pred_Fz  mean abs: 0.2245
Fz_target mean abs: 0.2249
pred_Fz  mean abs: 0.2239
Fz_target mean abs: 0.2242
pred_Fz  mean abs: 0.2236
Fz_target mean abs: 0.2238
pred_Fz  mean abs: 0.2238
Fz_target mean abs: 0.2232
pred_Fz  mean abs: 0.2237
Fz_target mean abs: 0.2236
pred_Fz  mean abs: 0.2218
Fz_target mean abs: 0.2233
pred_Fz  mean abs: 0.2212
Fz_target mean abs: 0.2224
pred_Fz  mean abs: 0.2219
Fz_target mean abs: 0.2216
pred_Fz  mean abs: 0.2218
Fz_target mean abs: 0.2214
pred_Fz  mean abs: 0.2209
Fz_target mean abs: 0.2213
pred_Fz  mean abs: 0.2217
Fz_target mean abs: 0.2203
pred_Fz  mean abs: 0.2206
Fz_target mean abs: 0.2203
pred_Fz  mean abs: 0.2204
Fz_target mean abs: 0.2205
pred_Fz  mean abs: 0.2196
Fz_target mean abs: 0.2192
pred_Fz  mean abs: 0.2203
Fz_target mean abs: 0.2191
pred_Fz  mean abs: 0.2189
Fz_target mean abs: 0.2192
pred_Fz  mean abs: 0.2191
Fz_target mean abs: 0.2184
pred_Fz  mean abs: 0.2183
Fz_target mean abs: 0.2183
pred_Fz  mean abs: 0.2180
Fz_target mean abs: 0.2177
pred_Fz  mean abs: 0.2184
Fz_target mean abs: 0.2177
pred_Fz  mean abs: 0.2170
Fz_target mean abs: 0.2164
pred_Fz  mean abs: 0.2184
Fz_target mean abs: 0.2162
pred_Fz  mean abs: 0.2166
Fz_target mean abs: 0.2161
pred_Fz  mean abs: 0.2161
Fz_target mean abs: 0.2157
pred_Fz  mean abs: 0.2160
Fz_target mean abs: 0.2162
pred_Fz  mean abs: 0.2159
Fz_target mean abs: 0.2160
pred_Fz  mean abs: 0.2156
Fz_target mean abs: 0.2154
pred_Fz  mean abs: 0.2147
Fz_target mean abs: 0.2150
pred_Fz  mean abs: 0.2143
Fz_target mean abs: 0.2146
pred_Fz  mean abs: 0.2139
Fz_target mean abs: 0.2142
pred_Fz  mean abs: 0.2145
Fz_target mean abs: 0.2137
pred_Fz  mean abs: 0.2145
Fz_target mean abs: 0.2134
pred_Fz  mean abs: 0.2134
Fz_target mean abs: 0.2131
pred_Fz  mean abs: 0.2132
Fz_target mean abs: 0.2123
pred_Fz  mean abs: 0.2138
Fz_target mean abs: 0.2126
pred_Fz  mean abs: 0.2122
Fz_target mean abs: 0.2118
pred_Fz  mean abs: 0.2131
Fz_target mean abs: 0.2119
pred_Fz  mean abs: 0.2114
Fz_target mean abs: 0.2122
pred_Fz  mean abs: 0.2112
Fz_target mean abs: 0.2117
pred_Fz  mean abs: 0.2101
Fz_target mean abs: 0.2107
pred_Fz  mean abs: 0.2115
Fz_target mean abs: 0.2106
pred_Fz  mean abs: 0.2100
Fz_target mean abs: 0.2100
pred_Fz  mean abs: 0.2103
Fz_target mean abs: 0.2101
pred_Fz  mean abs: 0.2092
Fz_target mean abs: 0.2094
pred_Fz  mean abs: 0.2094
Fz_target mean abs: 0.2096
pred_Fz  mean abs: 0.2094
Fz_target mean abs: 0.2090
pred_Fz  mean abs: 0.2085
Fz_target mean abs: 0.2083
pred_Fz  mean abs: 0.2103
Fz_target mean abs: 0.2082
pred_Fz  mean abs: 0.2088
Fz_target mean abs: 0.2084
pred_Fz  mean abs: 0.2081
Fz_target mean abs: 0.2086
pred_Fz  mean abs: 0.2071
Fz_target mean abs: 0.2069
pred_Fz  mean abs: 0.2080
Fz_target mean abs: 0.2068
pred_Fz  mean abs: 0.2075
Fz_target mean abs: 0.2067
pred_Fz  mean abs: 0.2070
Fz_target mean abs: 0.2065
pred_Fz  mean abs: 0.2067
Fz_target mean abs: 0.2063
pred_Fz  mean abs: 0.2062
Fz_target mean abs: 0.2064
pred_Fz  mean abs: 0.2058
Fz_target mean abs: 0.2060
pred_Fz  mean abs: 0.2054
Fz_target mean abs: 0.2056
pred_Fz  mean abs: 0.2062
Fz_target mean abs: 0.2046
pred_Fz  mean abs: 0.2065
Fz_target mean abs: 0.2051
pred_Fz  mean abs: 0.2044
Fz_target mean abs: 0.2046
pred_Fz  mean abs: 0.2042
Fz_target mean abs: 0.2037
pred_Fz  mean abs: 0.2044
Fz_target mean abs: 0.2040
pred_Fz  mean abs: 0.2035
Fz_target mean abs: 0.2029
pred_Fz  mean abs: 0.2040
Fz_target mean abs: 0.2030
pred_Fz  mean abs: 0.2029
Fz_target mean abs: 0.2030
pred_Fz  mean abs: 0.2023
Fz_target mean abs: 0.2027
pred_Fz  mean abs: 0.2023
Fz_target mean abs: 0.2026
pred_Fz  mean abs: 0.2030
Fz_target mean abs: 0.2022
pred_Fz  mean abs: 0.2020
Fz_target mean abs: 0.2018
pred_Fz  mean abs: 0.2019
Fz_target mean abs: 0.2014
pred_Fz  mean abs: 0.2022
Fz_target mean abs: 0.2001
pred_Fz  mean abs: 0.2019
Fz_target mean abs: 0.2012
pred_Fz  mean abs: 0.2010
Fz_target mean abs: 0.2004
pred_Fz  mean abs: 0.2016
Fz_target mean abs: 0.1999
pred_Fz  mean abs: 0.2014
Fz_target mean abs: 0.2004
pred_Fz  mean abs: 0.1993
Fz_target mean abs: 0.2004
pred_Fz  mean abs: 0.2005
Fz_target mean abs: 0.1994
pred_Fz  mean abs: 0.1993
Fz_target mean abs: 0.1996
pred_Fz  mean abs: 0.1992
Fz_target mean abs: 0.1989
pred_Fz  mean abs: 0.1996
Fz_target mean abs: 0.1989
pred_Fz  mean abs: 0.1990
Fz_target mean abs: 0.1991
pred_Fz  mean abs: 0.1983
Fz_target mean abs: 0.1986
pred_Fz  mean abs: 0.1981
Fz_target mean abs: 0.1983
pred_Fz  mean abs: 0.1975
Fz_target mean abs: 0.1968
pred_Fz  mean abs: 0.1988
Fz_target mean abs: 0.1970
pred_Fz  mean abs: 0.1976
Fz_target mean abs: 0.1971
pred_Fz  mean abs: 0.1961
Fz_target mean abs: 0.1961
pred_Fz  mean abs: 0.1970
Fz_target mean abs: 0.1961
pred_Fz  mean abs: 0.1972
Fz_target mean abs: 0.1957
pred_Fz  mean abs: 0.1963
Fz_target mean abs: 0.1963
pred_Fz  mean abs: 0.1952
Fz_target mean abs: 0.1955
pred_Fz  mean abs: 0.1958
Fz_target mean abs: 0.1948
pred_Fz  mean abs: 0.1958
Fz_target mean abs: 0.1946
pred_Fz  mean abs: 0.1957
Fz_target mean abs: 0.1950
pred_Fz  mean abs: 0.1946
Fz_target mean abs: 0.1948
pred_Fz  mean abs: 0.1947
Fz_target mean abs: 0.1942
pred_Fz  mean abs: 0.1945
Fz_target mean abs: 0.1945
pred_Fz  mean abs: 0.1941
Fz_target mean abs: 0.1940
pred_Fz  mean abs: 0.1933
Fz_target mean abs: 0.1935
pred_Fz  mean abs: 0.1927
Fz_target mean abs: 0.1934
pred_Fz  mean abs: 0.1925
Fz_target mean abs: 0.1930
pred_Fz  mean abs: 0.1931
Fz_target mean abs: 0.1926
pred_Fz  mean abs: 0.1930
Fz_target mean abs: 0.1921
pred_Fz  mean abs: 0.1930
Fz_target mean abs: 0.1925
pred_Fz  mean abs: 0.1922
Fz_target mean abs: 0.1921
pred_Fz  mean abs: 0.1923
Fz_target mean abs: 0.1916
pred_Fz  mean abs: 0.1912
Fz_target mean abs: 0.1909
pred_Fz  mean abs: 0.1913
Fz_target mean abs: 0.1912
pred_Fz  mean abs: 0.1913
Fz_target mean abs: 0.1912
pred_Fz  mean abs: 0.1904
Fz_target mean abs: 0.1904
pred_Fz  mean abs: 0.1907
Fz_target mean abs: 0.1907
pred_Fz  mean abs: 0.1907
Fz_target mean abs: 0.1910
pred_Fz  mean abs: 0.1892
Fz_target mean abs: 0.1896
pred_Fz  mean abs: 0.1900
Fz_target mean abs: 0.1897
pred_Fz  mean abs: 0.1895
Fz_target mean abs: 0.1898
pred_Fz  mean abs: 0.1890
Fz_target mean abs: 0.1889
pred_Fz  mean abs: 0.1901
Fz_target mean abs: 0.1891
pred_Fz  mean abs: 0.1886
Fz_target mean abs: 0.1886
pred_Fz  mean abs: 0.1895
Fz_target mean abs: 0.1884
pred_Fz  mean abs: 0.1884
Fz_target mean abs: 0.1881
pred_Fz  mean abs: 0.1883
Fz_target mean abs: 0.1883
pred_Fz  mean abs: 0.1883
Fz_target mean abs: 0.1880
pred_Fz  mean abs: 0.1875
Fz_target mean abs: 0.1875
pred_Fz  mean abs: 0.1872
Fz_target mean abs: 0.1872
pred_Fz  mean abs: 0.1873
Fz_target mean abs: 0.1867
pred_Fz  mean abs: 0.1873
Fz_target mean abs: 0.1866
pred_Fz  mean abs: 0.1864
Fz_target mean abs: 0.1863
pred_Fz  mean abs: 0.1864
Fz_target mean abs: 0.1860
pred_Fz  mean abs: 0.1863
Fz_target mean abs: 0.1858
pred_Fz  mean abs: 0.1859
Fz_target mean abs: 0.1858
pred_Fz  mean abs: 0.1858
Fz_target mean abs: 0.1865
pred_Fz  mean abs: 0.1845
Fz_target mean abs: 0.1855
pred_Fz  mean abs: 0.1853
Fz_target mean abs: 0.1850
pred_Fz  mean abs: 0.1850
Fz_target mean abs: 0.1850
pred_Fz  mean abs: 0.1847
Fz_target mean abs: 0.1845
pred_Fz  mean abs: 0.1848
Fz_target mean abs: 0.1841
pred_Fz  mean abs: 0.1842
Fz_target mean abs: 0.1838
pred_Fz  mean abs: 0.1855
Fz_target mean abs: 0.1840
pred_Fz  mean abs: 0.1839
Fz_target mean abs: 0.1835
pred_Fz  mean abs: 0.1845
Fz_target mean abs: 0.1833
pred_Fz  mean abs: 0.1844
Fz_target mean abs: 0.1834
pred_Fz  mean abs: 0.1830
Fz_target mean abs: 0.1833
pred_Fz  mean abs: 0.1823
Fz_target mean abs: 0.1831
pred_Fz  mean abs: 0.1824
Fz_target mean abs: 0.1822
pred_Fz  mean abs: 0.1823
Fz_target mean abs: 0.1820
pred_Fz  mean abs: 0.1822
Fz_target mean abs: 0.1817
pred_Fz  mean abs: 0.1813
Fz_target mean abs: 0.1817
pred_Fz  mean abs: 0.1814
Fz_target mean abs: 0.1814
pred_Fz  mean abs: 0.1820
Fz_target mean abs: 0.1810
pred_Fz  mean abs: 0.1811
Fz_target mean abs: 0.1808
pred_Fz  mean abs: 0.1811
Fz_target mean abs: 0.1809
pred_Fz  mean abs: 0.1804
Fz_target mean abs: 0.1801
pred_Fz  mean abs: 0.1812
Fz_target mean abs: 0.1803
pred_Fz  mean abs: 0.1807
Fz_target mean abs: 0.1805
pred_Fz  mean abs: 0.1806
Fz_target mean abs: 0.1801
pred_Fz  mean abs: 0.1802
Fz_target mean abs: 0.1799
pred_Fz  mean abs: 0.1796
Fz_target mean abs: 0.1793
pred_Fz  mean abs: 0.1798
Fz_target mean abs: 0.1785
pred_Fz  mean abs: 0.1803
Fz_target mean abs: 0.1787
pred_Fz  mean abs: 0.1788
Fz_target mean abs: 0.1786
pred_Fz  mean abs: 0.1789
Fz_target mean abs: 0.1784
pred_Fz  mean abs: 0.1788
Fz_target mean abs: 0.1783
pred_Fz  mean abs: 0.1772
Fz_target mean abs: 0.1781
pred_Fz  mean abs: 0.1786
Fz_target mean abs: 0.1782
pred_Fz  mean abs: 0.1778
Fz_target mean abs: 0.1779
pred_Fz  mean abs: 0.1783
Fz_target mean abs: 0.1777
pred_Fz  mean abs: 0.1773
Fz_target mean abs: 0.1773
pred_Fz  mean abs: 0.1771
Fz_target mean abs: 0.1773
pred_Fz  mean abs: 0.1764
Fz_target mean abs: 0.1771
pred_Fz  mean abs: 0.1775
Fz_target mean abs: 0.1766
pred_Fz  mean abs: 0.1764
Fz_target mean abs: 0.1761
pred_Fz  mean abs: 0.1763
Fz_target mean abs: 0.1759
pred_Fz  mean abs: 0.1755
Fz_target mean abs: 0.1757
pred_Fz  mean abs: 0.1762
Fz_target mean abs: 0.1759
pred_Fz  mean abs: 0.1752
Fz_target mean abs: 0.1753
pred_Fz  mean abs: 0.1756
Fz_target mean abs: 0.1755
pred_Fz  mean abs: 0.1744
Fz_target mean abs: 0.1751
pred_Fz  mean abs: 0.1749
Fz_target mean abs: 0.1747
pred_Fz  mean abs: 0.1748
Fz_target mean abs: 0.1751
pred_Fz  mean abs: 0.1743
Fz_target mean abs: 0.1742
pred_Fz  mean abs: 0.1746
Fz_target mean abs: 0.1740
pred_Fz  mean abs: 0.1741
Fz_target mean abs: 0.1737
pred_Fz  mean abs: 0.1744
Fz_target mean abs: 0.1737
pred_Fz  mean abs: 0.1746
Fz_target mean abs: 0.1733
pred_Fz  mean abs: 0.1733
Fz_target mean abs: 0.1733
pred_Fz  mean abs: 0.1735
Fz_target mean abs: 0.1730
pred_Fz  mean abs: 0.1735
Fz_target mean abs: 0.1729
pred_Fz  mean abs: 0.1730
Fz_target mean abs: 0.1728
pred_Fz  mean abs: 0.1732
Fz_target mean abs: 0.1724
pred_Fz  mean abs: 0.1731
Fz_target mean abs: 0.1721
pred_Fz  mean abs: 0.1733
Fz_target mean abs: 0.1721
pred_Fz  mean abs: 0.1724
Fz_target mean abs: 0.1720
pred_Fz  mean abs: 0.1722
Fz_target mean abs: 0.1718
pred_Fz  mean abs: 0.1725
Fz_target mean abs: 0.1715
pred_Fz  mean abs: 0.1710
Fz_target mean abs: 0.1711
pred_Fz  mean abs: 0.1715
Fz_target mean abs: 0.1712
pred_Fz  mean abs: 0.1718
Fz_target mean abs: 0.1713
pred_Fz  mean abs: 0.1710
Fz_target mean abs: 0.1710
pred_Fz  mean abs: 0.1701
Fz_target mean abs: 0.1706
pred_Fz  mean abs: 0.1708
Fz_target mean abs: 0.1706
pred_Fz  mean abs: 0.1696
Fz_target mean abs: 0.1702
pred_Fz  mean abs: 0.1702
Fz_target mean abs: 0.1702
pred_Fz  mean abs: 0.1706
Fz_target mean abs: 0.1701
pred_Fz  mean abs: 0.1700
Fz_target mean abs: 0.1696
pred_Fz  mean abs: 0.1694
Fz_target mean abs: 0.1693
pred_Fz  mean abs: 0.1699
Fz_target mean abs: 0.1690
pred_Fz  mean abs: 0.1692
Fz_target mean abs: 0.1690
pred_Fz  mean abs: 0.1683
Fz_target mean abs: 0.1685
pred_Fz  mean abs: 0.1692
Fz_target mean abs: 0.1683
pred_Fz  mean abs: 0.1685
Fz_target mean abs: 0.1679
pred_Fz  mean abs: 0.1687
Fz_target mean abs: 0.1679
pred_Fz  mean abs: 0.1685
Fz_target mean abs: 0.1676
pred_Fz  mean abs: 0.1684
Fz_target mean abs: 0.1678
pred_Fz  mean abs: 0.1674
Fz_target mean abs: 0.1677
pred_Fz  mean abs: 0.1674
Fz_target mean abs: 0.1669
pred_Fz  mean abs: 0.1687
Fz_target mean abs: 0.1673
pred_Fz  mean abs: 0.1658
Fz_target mean abs: 0.1667
pred_Fz  mean abs: 0.1677
Fz_target mean abs: 0.1670
pred_Fz  mean abs: 0.1662
Fz_target mean abs: 0.1666
pred_Fz  mean abs: 0.1663
Fz_target mean abs: 0.1663
pred_Fz  mean abs: 0.1664
Fz_target mean abs: 0.1662
pred_Fz  mean abs: 0.1662
Fz_target mean abs: 0.1660
pred_Fz  mean abs: 0.1658
Fz_target mean abs: 0.1657
pred_Fz  mean abs: 0.1656
Fz_target mean abs: 0.1658
pred_Fz  mean abs: 0.1653
Fz_target mean abs: 0.1653
pred_Fz  mean abs: 0.1649
Fz_target mean abs: 0.1650
pred_Fz  mean abs: 0.1656
Fz_target mean abs: 0.1651
pred_Fz  mean abs: 0.1649
Fz_target mean abs: 0.1649
pred_Fz  mean abs: 0.1642
Fz_target mean abs: 0.1650
pred_Fz  mean abs: 0.1640
Fz_target mean abs: 0.1648
pred_Fz  mean abs: 0.1647
Fz_target mean abs: 0.1651
pred_Fz  mean abs: 0.1626
Fz_target mean abs: 0.1642
pred_Fz  mean abs: 0.1643
Fz_target mean abs: 0.1639
pred_Fz  mean abs: 0.1646
Fz_target mean abs: 0.1636
pred_Fz  mean abs: 0.1639
Fz_target mean abs: 0.1634
pred_Fz  mean abs: 0.1635
Fz_target mean abs: 0.1633
pred_Fz  mean abs: 0.1635
Fz_target mean abs: 0.1629
pred_Fz  mean abs: 0.1633
Fz_target mean abs: 0.1629
pred_Fz  mean abs: 0.1626
Fz_target mean abs: 0.1626
pred_Fz  mean abs: 0.1621
Fz_target mean abs: 0.1628
pred_Fz  mean abs: 0.1625
Fz_target mean abs: 0.1628
pred_Fz  mean abs: 0.1622
Fz_target mean abs: 0.1627
pred_Fz  mean abs: 0.1619
Fz_target mean abs: 0.1618
pred_Fz  mean abs: 0.1627
Fz_target mean abs: 0.1622
pred_Fz  mean abs: 0.1614
Fz_target mean abs: 0.1621
pred_Fz  mean abs: 0.1614
Fz_target mean abs: 0.1617
pred_Fz  mean abs: 0.1613
Fz_target mean abs: 0.1611
pred_Fz  mean abs: 0.1610
Fz_target mean abs: 0.1611
pred_Fz  mean abs: 0.1615
Fz_target mean abs: 0.1608
pred_Fz  mean abs: 0.1617
Fz_target mean abs: 0.1606
pred_Fz  mean abs: 0.1614
Fz_target mean abs: 0.1609
pred_Fz  mean abs: 0.1605
Fz_target mean abs: 0.1609
pred_Fz  mean abs: 0.1599
Fz_target mean abs: 0.1605
pred_Fz  mean abs: 0.1604
Fz_target mean abs: 0.1601
pred_Fz  mean abs: 0.1599
Fz_target mean abs: 0.1601
pred_Fz  mean abs: 0.1594
Fz_target mean abs: 0.1598
pred_Fz  mean abs: 0.1601
Fz_target mean abs: 0.1595
pred_Fz  mean abs: 0.1606
Fz_target mean abs: 0.1595
pred_Fz  mean abs: 0.1591
Fz_target mean abs: 0.1593
pred_Fz  mean abs: 0.1596
Fz_target mean abs: 0.1590
pred_Fz  mean abs: 0.1594
Fz_target mean abs: 0.1591
pred_Fz  mean abs: 0.1587
Fz_target mean abs: 0.1590
pred_Fz  mean abs: 0.1585
Fz_target mean abs: 0.1587
pred_Fz  mean abs: 0.1580
Fz_target mean abs: 0.1583
pred_Fz  mean abs: 0.1583
Fz_target mean abs: 0.1583
pred_Fz  mean abs: 0.1583
Fz_target mean abs: 0.1582
pred_Fz  mean abs: 0.1575
Fz_target mean abs: 0.1578
pred_Fz  mean abs: 0.1574
Fz_target mean abs: 0.1571
pred_Fz  mean abs: 0.1579
Fz_target mean abs: 0.1573
pred_Fz  mean abs: 0.1575
Fz_target mean abs: 0.1575
pred_Fz  mean abs: 0.1576
Fz_target mean abs: 0.1571
pred_Fz  mean abs: 0.1568
Fz_target mean abs: 0.1568
pred_Fz  mean abs: 0.1572
Fz_target mean abs: 0.1565
pred_Fz  mean abs: 0.1570
Fz_target mean abs: 0.1563
pred_Fz  mean abs: 0.1572
Fz_target mean abs: 0.1565
pred_Fz  mean abs: 0.1564
Fz_target mean abs: 0.1564
pred_Fz  mean abs: 0.1564
Fz_target mean abs: 0.1563
pred_Fz  mean abs: 0.1553
Fz_target mean abs: 0.1561
pred_Fz  mean abs: 0.1550
Fz_target mean abs: 0.1561
pred_Fz  mean abs: 0.1558
Fz_target mean abs: 0.1557
pred_Fz  mean abs: 0.1548
Fz_target mean abs: 0.1559
pred_Fz  mean abs: 0.1552
Fz_target mean abs: 0.1548
pred_Fz  mean abs: 0.1555
Fz_target mean abs: 0.1554
pred_Fz  mean abs: 0.1546
Fz_target mean abs: 0.1547
pred_Fz  mean abs: 0.1558
Fz_target mean abs: 0.1545
pred_Fz  mean abs: 0.1554
Fz_target mean abs: 0.1548
pred_Fz  mean abs: 0.1546
Fz_target mean abs: 0.1548
pred_Fz  mean abs: 0.1537
Fz_target mean abs: 0.1542
pred_Fz  mean abs: 0.1544
Fz_target mean abs: 0.1541
pred_Fz  mean abs: 0.1540
Fz_target mean abs: 0.1541
pred_Fz  mean abs: 0.1541
Fz_target mean abs: 0.1535
pred_Fz  mean abs: 0.1539
Fz_target mean abs: 0.1538
pred_Fz  mean abs: 0.1536
Fz_target mean abs: 0.1536
pred_Fz  mean abs: 0.1530
Fz_target mean abs: 0.1537
pred_Fz  mean abs: 0.1530
Fz_target mean abs: 0.1529
pred_Fz  mean abs: 0.1537
Fz_target mean abs: 0.1524
pred_Fz  mean abs: 0.1530
Fz_target mean abs: 0.1529
pred_Fz  mean abs: 0.1523
Fz_target mean abs: 0.1528
pred_Fz  mean abs: 0.1525
Fz_target mean abs: 0.1524
pred_Fz  mean abs: 0.1527
Fz_target mean abs: 0.1522
pred_Fz  mean abs: 0.1519
Fz_target mean abs: 0.1519
pred_Fz  mean abs: 0.1522
Fz_target mean abs: 0.1520
pred_Fz  mean abs: 0.1507
Fz_target mean abs: 0.1520
pred_Fz  mean abs: 0.1509
Fz_target mean abs: 0.1517
pred_Fz  mean abs: 0.1519
Fz_target mean abs: 0.1517
pred_Fz  mean abs: 0.1510
Fz_target mean abs: 0.1512
pred_Fz  mean abs: 0.1509
Fz_target mean abs: 0.1509
pred_Fz  mean abs: 0.1512
Fz_target mean abs: 0.1506
pred_Fz  mean abs: 0.1516
Fz_target mean abs: 0.1507
pred_Fz  mean abs: 0.1511
Fz_target mean abs: 0.1506
pred_Fz  mean abs: 0.1505
Fz_target mean abs: 0.1504
pred_Fz  mean abs: 0.1506
Fz_target mean abs: 0.1502
pred_Fz  mean abs: 0.1517
Fz_target mean abs: 0.1500
pred_Fz  mean abs: 0.1504
Fz_target mean abs: 0.1500
pred_Fz  mean abs: 0.1503
Fz_target mean abs: 0.1499
pred_Fz  mean abs: 0.1497
Fz_target mean abs: 0.1497
pred_Fz  mean abs: 0.1494
Fz_target mean abs: 0.1496
pred_Fz  mean abs: 0.1495
Fz_target mean abs: 0.1497
pred_Fz  mean abs: 0.1491
Fz_target mean abs: 0.1489
pred_Fz  mean abs: 0.1485
Fz_target mean abs: 0.1489
pred_Fz  mean abs: 0.1490
Fz_target mean abs: 0.1491
pred_Fz  mean abs: 0.1484
Fz_target mean abs: 0.1490
pred_Fz  mean abs: 0.1484
Fz_target mean abs: 0.1485
pred_Fz  mean abs: 0.1489
Fz_target mean abs: 0.1486
pred_Fz  mean abs: 0.1484
Fz_target mean abs: 0.1483
pred_Fz  mean abs: 0.1486
Fz_target mean abs: 0.1481
pred_Fz  mean abs: 0.1474
Fz_target mean abs: 0.1478
pred_Fz  mean abs: 0.1478
Fz_target mean abs: 0.1479
pred_Fz  mean abs: 0.1476
Fz_target mean abs: 0.1474
pred_Fz  mean abs: 0.1484
Fz_target mean abs: 0.1474
pred_Fz  mean abs: 0.1475
Fz_target mean abs: 0.1475
pred_Fz  mean abs: 0.1468
Fz_target mean abs: 0.1473
pred_Fz  mean abs: 0.1475
Fz_target mean abs: 0.1472
pred_Fz  mean abs: 0.1468
Fz_target mean abs: 0.1469
pred_Fz  mean abs: 0.1471
Fz_target mean abs: 0.1470
pred_Fz  mean abs: 0.1469
Fz_target mean abs: 0.1466
pred_Fz  mean abs: 0.1467
Fz_target mean abs: 0.1465
pred_Fz  mean abs: 0.1466
Fz_target mean abs: 0.1464
pred_Fz  mean abs: 0.1466
Fz_target mean abs: 0.1467
pred_Fz  mean abs: 0.1452
Fz_target mean abs: 0.1461
pred_Fz  mean abs: 0.1454
Fz_target mean abs: 0.1456
pred_Fz  mean abs: 0.1458
Fz_target mean abs: 0.1457
pred_Fz  mean abs: 0.1453
Fz_target mean abs: 0.1455
pred_Fz  mean abs: 0.1453
Fz_target mean abs: 0.1456
pred_Fz  mean abs: 0.1461
Fz_target mean abs: 0.1454
pred_Fz  mean abs: 0.1451
Fz_target mean abs: 0.1447
pred_Fz  mean abs: 0.1454
Fz_target mean abs: 0.1451
pred_Fz  mean abs: 0.1448
Fz_target mean abs: 0.1449
pred_Fz  mean abs: 0.1446
Fz_target mean abs: 0.1446
pred_Fz  mean abs: 0.1444
Fz_target mean abs: 0.1449
pred_Fz  mean abs: 0.1437
Fz_target mean abs: 0.1441
pred_Fz  mean abs: 0.1450
Fz_target mean abs: 0.1441
pred_Fz  mean abs: 0.1440
Fz_target mean abs: 0.1441
pred_Fz  mean abs: 0.1443
Fz_target mean abs: 0.1441
pred_Fz  mean abs: 0.1439
Fz_target mean abs: 0.1438
pred_Fz  mean abs: 0.1439
Fz_target mean abs: 0.1436
pred_Fz  mean abs: 0.1434
Fz_target mean abs: 0.1436
pred_Fz  mean abs: 0.1437
Fz_target mean abs: 0.1433
pred_Fz  mean abs: 0.1428
Fz_target mean abs: 0.1435
pred_Fz  mean abs: 0.1431
Fz_target mean abs: 0.1432
pred_Fz  mean abs: 0.1429
Fz_target mean abs: 0.1424
pred_Fz  mean abs: 0.1438
Fz_target mean abs: 0.1426
pred_Fz  mean abs: 0.1426
Fz_target mean abs: 0.1422
pred_Fz  mean abs: 0.1428
Fz_target mean abs: 0.1425
pred_Fz  mean abs: 0.1421
Fz_target mean abs: 0.1423
pred_Fz  mean abs: 0.1425
Fz_target mean abs: 0.1424
pred_Fz  mean abs: 0.1420
Fz_target mean abs: 0.1412
pred_Fz  mean abs: 0.1436
Fz_target mean abs: 0.1424
pred_Fz  mean abs: 0.1409
Fz_target mean abs: 0.1416
pred_Fz  mean abs: 0.1419
Fz_target mean abs: 0.1414
pred_Fz  mean abs: 0.1421
Fz_target mean abs: 0.1412
pred_Fz  mean abs: 0.1417
Fz_target mean abs: 0.1416
pred_Fz  mean abs: 0.1410
Fz_target mean abs: 0.1410
pred_Fz  mean abs: 0.1415
Fz_target mean abs: 0.1408
pred_Fz  mean abs: 0.1414
Fz_target mean abs: 0.1406
pred_Fz  mean abs: 0.1417
Fz_target mean abs: 0.1402
pred_Fz  mean abs: 0.1409
Fz_target mean abs: 0.1404
pred_Fz  mean abs: 0.1410
Fz_target mean abs: 0.1403
pred_Fz  mean abs: 0.1405
Fz_target mean abs: 0.1404
pred_Fz  mean abs: 0.1401
Fz_target mean abs: 0.1401
pred_Fz  mean abs: 0.1403
Fz_target mean abs: 0.1400
pred_Fz  mean abs: 0.1404
Fz_target mean abs: 0.1399
pred_Fz  mean abs: 0.1395
Fz_target mean abs: 0.1397
pred_Fz  mean abs: 0.1401
Fz_target mean abs: 0.1393
pred_Fz  mean abs: 0.1402
Fz_target mean abs: 0.1392
pred_Fz  mean abs: 0.1400
Fz_target mean abs: 0.1394
pred_Fz  mean abs: 0.1395
Fz_target mean abs: 0.1390
pred_Fz  mean abs: 0.1397
Fz_target mean abs: 0.1390
pred_Fz  mean abs: 0.1393
Fz_target mean abs: 0.1389
pred_Fz  mean abs: 0.1388
Fz_target mean abs: 0.1392
pred_Fz  mean abs: 0.1378
Fz_target mean abs: 0.1389
pred_Fz  mean abs: 0.1385
Fz_target mean abs: 0.1384
pred_Fz  mean abs: 0.1382
Fz_target mean abs: 0.1386
pred_Fz  mean abs: 0.1378
Fz_target mean abs: 0.1385
pred_Fz  mean abs: 0.1378
Fz_target mean abs: 0.1382
pred_Fz  mean abs: 0.1379
Fz_target mean abs: 0.1380
pred_Fz  mean abs: 0.1384
Fz_target mean abs: 0.1381
pred_Fz  mean abs: 0.1377
Fz_target mean abs: 0.1376
pred_Fz  mean abs: 0.1382
Fz_target mean abs: 0.1375
pred_Fz  mean abs: 0.1376
Fz_target mean abs: 0.1376
pred_Fz  mean abs: 0.1372
Fz_target mean abs: 0.1374
pred_Fz  mean abs: 0.1377
Fz_target mean abs: 0.1373
pred_Fz  mean abs: 0.1374
Fz_target mean abs: 0.1371
pred_Fz  mean abs: 0.1374
Fz_target mean abs: 0.1367
pred_Fz  mean abs: 0.1368
Fz_target mean abs: 0.1366
pred_Fz  mean abs: 0.1370
Fz_target mean abs: 0.1362
pred_Fz  mean abs: 0.1367
Fz_target mean abs: 0.1365
pred_Fz  mean abs: 0.1366
Fz_target mean abs: 0.1365
pred_Fz  mean abs: 0.1361
Fz_target mean abs: 0.1363
pred_Fz  mean abs: 0.1362
Fz_target mean abs: 0.1366
pred_Fz  mean abs: 0.1357
Fz_target mean abs: 0.1360
pred_Fz  mean abs: 0.1358
Fz_target mean abs: 0.1355
pred_Fz  mean abs: 0.1364
Fz_target mean abs: 0.1356
pred_Fz  mean abs: 0.1358
Fz_target mean abs: 0.1353
pred_Fz  mean abs: 0.1355
Fz_target mean abs: 0.1354
pred_Fz  mean abs: 0.1355
Fz_target mean abs: 0.1349
pred_Fz  mean abs: 0.1351
Fz_target mean abs: 0.1352
pred_Fz  mean abs: 0.1351
Fz_target mean abs: 0.1351
pred_Fz  mean abs: 0.1351
Fz_target mean abs: 0.1349
pred_Fz  mean abs: 0.1347
Fz_target mean abs: 0.1347
pred_Fz  mean abs: 0.1344
Fz_target mean abs: 0.1343
pred_Fz  mean abs: 0.1348
Fz_target mean abs: 0.1345
pred_Fz  mean abs: 0.1339
Fz_target mean abs: 0.1347
pred_Fz  mean abs: 0.1334
Fz_target mean abs: 0.1343
pred_Fz  mean abs: 0.1348
Fz_target mean abs: 0.1343
pred_Fz  mean abs: 0.1339
Fz_target mean abs: 0.1341
pred_Fz  mean abs: 0.1341
Fz_target mean abs: 0.1336
pred_Fz  mean abs: 0.1335
Fz_target mean abs: 0.1338
pred_Fz  mean abs: 0.1339
Fz_target mean abs: 0.1335
pred_Fz  mean abs: 0.1341
Fz_target mean abs: 0.1335
pred_Fz  mean abs: 0.1339
Fz_target mean abs: 0.1331
pred_Fz  mean abs: 0.1334
Fz_target mean abs: 0.1333
pred_Fz  mean abs: 0.1328
Fz_target mean abs: 0.1329
pred_Fz  mean abs: 0.1327
Fz_target mean abs: 0.1328
pred_Fz  mean abs: 0.1328

------------------------------------------------------------
Sender: LSF System <lsfadmin@hpc.dtu.dk>
Subject: Job 27912179: <latent_ndm> in cluster <dcc> Exited

Job <latent_ndm> was submitted from host <n-62-27-18> by user <s204213> in cluster <dcc> at Thu Feb 26 12:39:48 2026
Job was executed on host(s) <4*n-62-18-5>, in queue <gpua10>, as user <s204213> in cluster <dcc> at Thu Feb 26 12:39:48 2026
</zhome/66/4/156534> was used as the home directory.
</zhome/66/4/156534/Master_Thesis> was used as the working directory.
Started at Thu Feb 26 12:39:48 2026
Terminated at Thu Feb 26 13:31:18 2026
Results reported at Thu Feb 26 13:31:18 2026

Your job looked like:

------------------------------------------------------------
# LSBATCH: User input
#!/bin/bash
#BSUB -J latent_ndm                        # Job name
#BSUB -q gpua10                            # Queue to submit the job to
#BSUB -W 50                               # Wall time limit (6 hours)
#BSUB -n 4                                 # Request 4 cores
#BSUB -R "rusage[mem=2GB]"                 # Request 2 GB of memory per core
#BSUB -R "span[hosts=1]"                   # Request all cores on the same host
#BSUB -gpu "num=1:mode=exclusive_process"  # Request 1 GPU in exclusive mode
#BSUB -o src/neural_latent_diffusion/output.out
#BSUB -e src/neural_latent_diffusion/output.err

# Activate virtual environment
source /zhome/66/4/156534/Master_Thesis/.venv/bin/activate

# --- Phase 1+2+3: Training ---
python /zhome/66/4/156534/Master_Thesis/src/neural_latent_diffusion/run_training.py \
    --T 1000 \
    --beta_start 1e-4 \
    --beta_end 0.02 \
    --latent_channels 4 \
    --latent_size 8 \
    --ndm_hidden_dim 512 \
    --ndm_num_layers 4 \
    --ndm_time_dim 256 \
    --img_size 32 \
    --unet_channels 128 \
    --time_dim 256 \
    --batch_size 64 \
    --lr 5e-5 \
    --num_epochs_vae 20 \
    --num_epochs_ndm 50 \
    --beta_kl 1e-4 \
    --lambda_vae 0.05 \
    --experiment_name latent_ndm_mnist

# --- Inference (only runs if training succeeded) ---
python /zhome/66/4/156534/Master_Thesis/src/neural_latent_diffusion/inference.py \
    --config src/neural_latent_diffusion/weights/latent_ndm_mnist_config.json \
    --n_images 16 \
    --out_path src/neural_latent_diffusion/results/inference_grid.png

------------------------------------------------------------

TERM_RUNLIMIT: job killed after reaching LSF run time limit.
Exited with exit code 140.

Resource usage summary:

    CPU time :                                   4815.00 sec.
    Max Memory :                                 1178 MB
    Average Memory :                             1132.74 MB
    Total Requested Memory :                     8192.00 MB
    Delta Memory :                               7014.00 MB
    Max Swap :                                   -
    Max Processes :                              6
    Max Threads :                                21
    Run time :                                   3090 sec.
    Turnaround time :                            3090 sec.

The output (if any) is above this job summary.



PS:

Read file <src/neural_latent_diffusion/output.err> for stderr output of this job.

